# JRE version: Java(TM) SE Runtime Environment (8.0_60-b27) (build 1.8.0_60-b27)
# Java VM: Java HotSpot(TM) 64-Bit Server VM (25.60-b23 mixed mode linux-amd64 compressed oops)
Heap:
 PSYoungGen      total 205312K, used 31083K [0x00000000eab00000, 0x00000000f9780000, 0x0000000100000000)
  eden space 168448K, 0% used [0x00000000eab00000,0x00000000eab00000,0x00000000f4f80000)
  from space 36864K, 84% used [0x00000000f4f80000,0x00000000f6ddaf58,0x00000000f7380000)
  to   space 34816K, 0% used [0x00000000f7580000,0x00000000f7580000,0x00000000f9780000)
 ParOldGen       total 102400K, used 41835K [0x00000000c0000000, 0x00000000c6400000, 0x00000000eab00000)
  object space 102400K, 40% used [0x00000000c0000000,0x00000000c28dae28,0x00000000c6400000)
 Metaspace       used 7519K, capacity 7786K, committed 7936K, reserved 1056768K
  class space    used 714K, capacity 725K, committed 768K, reserved 1048576K
GC Heap History (10 events):
Event: 12,477 GC heap after
Heap after GC invocations=12 (full 2):
 PSYoungGen      total 130560K, used 0K [0x00000000eab00000, 0x00000000f6200000, 0x0000000100000000)
  eden space 101888K, 0% used [0x00000000eab00000,0x00000000eab00000,0x00000000f0e80000)
  from space 28672K, 0% used [0x00000000f3300000,0x00000000f3300000,0x00000000f4f00000)
  to   space 37376K, 0% used [0x00000000f0e80000,0x00000000f0e80000,0x00000000f3300000)
 ParOldGen       total 102400K, used 41827K [0x00000000c0000000, 0x00000000c6400000, 0x00000000eab00000)
  object space 102400K, 40% used [0x00000000c0000000,0x00000000c28d8e28,0x00000000c6400000)
 Metaspace       used 7429K, capacity 7780K, committed 7936K, reserved 1056768K
  class space    used 705K, capacity 724K, committed 768K, reserved 1048576K
}
Event: 13,252 GC heap before
{Heap before GC invocations=13 (full 2):
 PSYoungGen      total 130560K, used 101888K [0x00000000eab00000, 0x00000000f6200000, 0x0000000100000000)
  eden space 101888K, 100% used [0x00000000eab00000,0x00000000f0e80000,0x00000000f0e80000)
  from space 28672K, 0% used [0x00000000f3300000,0x00000000f3300000,0x00000000f4f00000)
  to   space 37376K, 0% used [0x00000000f0e80000,0x00000000f0e80000,0x00000000f3300000)
 ParOldGen       total 102400K, used 41827K [0x00000000c0000000, 0x00000000c6400000, 0x00000000eab00000)
  object space 102400K, 40% used [0x00000000c0000000,0x00000000c28d8e28,0x00000000c6400000)
 Metaspace       used 7510K, capacity 7786K, committed 7936K, reserved 1056768K
  class space    used 714K, capacity 725K, committed 768K, reserved 1048576K
Event: 13,303 GC heap after
Heap after GC invocations=13 (full 2):
 PSYoungGen      total 139264K, used 18688K [0x00000000eab00000, 0x00000000f7100000, 0x0000000100000000)
  eden space 101888K, 0% used [0x00000000eab00000,0x00000000eab00000,0x00000000f0e80000)
  from space 37376K, 50% used [0x00000000f0e80000,0x00000000f20c00d0,0x00000000f3300000)
  to   space 35840K, 0% used [0x00000000f4e00000,0x00000000f4e00000,0x00000000f7100000)
 ParOldGen       total 102400K, used 41835K [0x00000000c0000000, 0x00000000c6400000, 0x00000000eab00000)
  object space 102400K, 40% used [0x00000000c0000000,0x00000000c28dae28,0x00000000c6400000)
 Metaspace       used 7510K, capacity 7786K, committed 7936K, reserved 1056768K
  class space    used 714K, capacity 725K, committed 768K, reserved 1048576K
}
Event: 14,116 GC heap before
{Heap before GC invocations=14 (full 2):
 PSYoungGen      total 139264K, used 120576K [0x00000000eab00000, 0x00000000f7100000, 0x0000000100000000)
  eden space 101888K, 100% used [0x00000000eab00000,0x00000000f0e80000,0x00000000f0e80000)
  from space 37376K, 50% used [0x00000000f0e80000,0x00000000f20c00d0,0x00000000f3300000)
  to   space 35840K, 0% used [0x00000000f4e00000,0x00000000f4e00000,0x00000000f7100000)
 ParOldGen       total 102400K, used 41835K [0x00000000c0000000, 0x00000000c6400000, 0x00000000eab00000)
  object space 102400K, 40% used [0x00000000c0000000,0x00000000c28dae28,0x00000000c6400000)
 Metaspace       used 7512K, capacity 7786K, committed 7936K, reserved 1056768K
  class space    used 714K, capacity 725K, committed 768K, reserved 1048576K
Event: 14,461 GC heap after
Heap after GC invocations=14 (full 2):
 PSYoungGen      total 165888K, used 24294K [0x00000000eab00000, 0x00000000f7880000, 0x0000000100000000)
  eden space 130048K, 0% used [0x00000000eab00000,0x00000000eab00000,0x00000000f2a00000)
  from space 35840K, 67% used [0x00000000f4e00000,0x00000000f65b9bf0,0x00000000f7100000)
  to   space 36864K, 0% used [0x00000000f2a00000,0x00000000f2a00000,0x00000000f4e00000)
 ParOldGen       total 102400K, used 41835K [0x00000000c0000000, 0x00000000c6400000, 0x00000000eab00000)
  object space 102400K, 40% used [0x00000000c0000000,0x00000000c28dae28,0x00000000c6400000)
 Metaspace       used 7512K, capacity 7786K, committed 7936K, reserved 1056768K
  class space    used 714K, capacity 725K, committed 768K, reserved 1048576K
}
Event: 16,210 GC heap before
{Heap before GC invocations=15 (full 2):
 PSYoungGen      total 165888K, used 154342K [0x00000000eab00000, 0x00000000f7880000, 0x0000000100000000)
  eden space 130048K, 100% used [0x00000000eab00000,0x00000000f2a00000,0x00000000f2a00000)
  from space 35840K, 67% used [0x00000000f4e00000,0x00000000f65b9bf0,0x00000000f7100000)
  to   space 36864K, 0% used [0x00000000f2a00000,0x00000000f2a00000,0x00000000f4e00000)
 ParOldGen       total 102400K, used 41835K [0x00000000c0000000, 0x00000000c6400000, 0x00000000eab00000)
  object space 102400K, 40% used [0x00000000c0000000,0x00000000c28dae28,0x00000000c6400000)
 Metaspace       used 7514K, capacity 7786K, committed 7936K, reserved 1056768K
  class space    used 714K, capacity 725K, committed 768K, reserved 1048576K
Event: 16,270 GC heap after
Heap after GC invocations=15 (full 2):
 PSYoungGen      total 166912K, used 25263K [0x00000000eab00000, 0x00000000f9a00000, 0x0000000100000000)
  eden space 130048K, 0% used [0x00000000eab00000,0x00000000eab00000,0x00000000f2a00000)
  from space 36864K, 68% used [0x00000000f2a00000,0x00000000f42abdc8,0x00000000f4e00000)
  to   space 37376K, 0% used [0x00000000f7580000,0x00000000f7580000,0x00000000f9a00000)
 ParOldGen       total 102400K, used 41835K [0x00000000c0000000, 0x00000000c6400000, 0x00000000eab00000)
  object space 102400K, 40% used [0x00000000c0000000,0x00000000c28dae28,0x00000000c6400000)
 Metaspace       used 7514K, capacity 7786K, committed 7936K, reserved 1056768K
  class space    used 714K, capacity 725K, committed 768K, reserved 1048576K
}
Event: 18,873 GC heap before
{Heap before GC invocations=16 (full 2):
 PSYoungGen      total 166912K, used 155311K [0x00000000eab00000, 0x00000000f9a00000, 0x0000000100000000)
  eden space 130048K, 100% used [0x00000000eab00000,0x00000000f2a00000,0x00000000f2a00000)
  from space 36864K, 68% used [0x00000000f2a00000,0x00000000f42abdc8,0x00000000f4e00000)
  to   space 37376K, 0% used [0x00000000f7580000,0x00000000f7580000,0x00000000f9a00000)
 ParOldGen       total 102400K, used 41835K [0x00000000c0000000, 0x00000000c6400000, 0x00000000eab00000)
  object space 102400K, 40% used [0x00000000c0000000,0x00000000c28dae28,0x00000000c6400000)
 Metaspace       used 7515K, capacity 7786K, committed 7936K, reserved 1056768K
  class space    used 714K, capacity 725K, committed 768K, reserved 1048576K
Event: 19,177 GC heap after
Heap after GC invocations=16 (full 2):
 PSYoungGen      total 203264K, used 21418K [0x00000000eab00000, 0x00000000f9780000, 0x0000000100000000)
  eden space 168448K, 0% used [0x00000000eab00000,0x00000000eab00000,0x00000000f4f80000)
  from space 34816K, 61% used [0x00000000f7580000,0x00000000f8a6ab00,0x00000000f9780000)
  to   space 36864K, 0% used [0x00000000f4f80000,0x00000000f4f80000,0x00000000f7380000)
 ParOldGen       total 102400K, used 41835K [0x00000000c0000000, 0x00000000c6400000, 0x00000000eab00000)
  object space 102400K, 40% used [0x00000000c0000000,0x00000000c28dae28,0x00000000c6400000)
 Metaspace       used 7515K, capacity 7786K, committed 7936K, reserved 1056768K
  class space    used 714K, capacity 725K, committed 768K, reserved 1048576K
}
Event: 25,268 GC heap before
{Heap before GC invocations=17 (full 2):
 PSYoungGen      total 203264K, used 189866K [0x00000000eab00000, 0x00000000f9780000, 0x0000000100000000)
  eden space 168448K, 100% used [0x00000000eab00000,0x00000000f4f80000,0x00000000f4f80000)
  from space 34816K, 61% used [0x00000000f7580000,0x00000000f8a6ab00,0x00000000f9780000)
  to   space 36864K, 0% used [0x00000000f4f80000,0x00000000f4f80000,0x00000000f7380000)
 ParOldGen       total 102400K, used 41835K [0x00000000c0000000, 0x00000000c6400000, 0x00000000eab00000)
  object space 102400K, 40% used [0x00000000c0000000,0x00000000c28dae28,0x00000000c6400000)
 Metaspace       used 7519K, capacity 7786K, committed 7936K, reserved 1056768K
  class space    used 714K, capacity 725K, committed 768K, reserved 1048576K

